<?xml version="1.0" encoding="UTF-8"?>
<testng-results skipped="0" failed="0" ignored="0" total="1" passed="1">
  <reporter-output>
  </reporter-output>
  <suite name="Default suite" duration-ms="859" started-at="2021-09-17T17:00:14 CDT" finished-at="2021-09-17T17:00:15 CDT">
    <groups>
    </groups>
    <test name="Default test" duration-ms="859" started-at="2021-09-17T17:00:14 CDT" finished-at="2021-09-17T17:00:15 CDT">
      <class name="purcahseAmount">
        <test-method status="PASS" signature="totalcost()[pri:0, instance:purcahseAmount@53f65459]" name="totalcost" duration-ms="828" started-at="2021-09-17T17:00:14 CDT" finished-at="2021-09-17T17:00:15 CDT">
          <reporter-output>
          </reporter-output>
        </test-method> <!-- totalcost -->
      </class> <!-- purcahseAmount -->
    </test> <!-- Default test -->
  </suite> <!-- Default suite -->
</testng-results>
